This file contains any messages produced by compilers while
running configure, to aid debugging if configure makes a mistake.

It was created by lighttpd configure 1.4.39, which was
generated by GNU Autoconf 2.69.  Invocation command line was

  $ ./configure 

## --------- ##
## Platform. ##
## --------- ##

hostname = anton-N80Vm
uname -m = i686
uname -r = 4.4.0-21-generic
uname -s = Linux
uname -v = #37-Ubuntu SMP Mon Apr 18 18:34:49 UTC 2016

/usr/bin/uname -p = unknown
/bin/uname -X     = unknown

/bin/arch              = unknown
/usr/bin/arch -k       = unknown
/usr/convex/getsysinfo = unknown
/usr/bin/hostinfo      = unknown
/bin/machine           = unknown
/usr/bin/oslevel       = unknown
/bin/universe          = unknown

PATH: /home/anton/.go/bin
PATH: /home/anton/.autojump/bin
PATH: /home/anton/usr/bin
PATH: /home/anton/etc/clang/bin
PATH: /home/anton/tools/exec
PATH: /home/anton/tools/shell/git
PATH: /home/anton/tools/shell
PATH: /home/anton/.autojump/bin
PATH: /home/anton/.autojump/bin
PATH: /home/anton/bin
PATH: /usr/local/bin
PATH: /home/anton/bin
PATH: /usr/local/bin
PATH: /usr/local/sbin
PATH: /usr/local/bin
PATH: /usr/sbin
PATH: /usr/bin
PATH: /sbin
PATH: /bin
PATH: /usr/games
PATH: /usr/local/games
PATH: /home/anton/.go/bin/bin


## ----------- ##
## Core tests. ##
## ----------- ##

configure:2679: checking build system type
configure:2693: result: i686-pc-linux-gnu
configure:2713: checking host system type
configure:2726: result: i686-pc-linux-gnu
configure:2746: checking target system type
configure:2759: result: i686-pc-linux-gnu
configure:2804: checking for a BSD-compatible install
configure:2872: result: /usr/bin/install -c
configure:2883: checking whether build environment is sane
configure:2938: result: yes
configure:3089: checking for a thread-safe mkdir -p
configure:3128: result: /bin/mkdir -p
configure:3135: checking for gawk
configure:3151: found /usr/bin/gawk
configure:3162: result: gawk
configure:3173: checking whether make sets $(MAKE)
configure:3195: result: yes
configure:3224: checking whether make supports nested variables
configure:3241: result: yes
configure:3330: checking whether UID '1000' is supported by ustar format
configure:3333: result: yes
configure:3340: checking whether GID '1000' is supported by ustar format
configure:3343: result: yes
configure:3351: checking how to create a ustar tar archive
configure:3362: tar --version
tar (GNU tar) 1.28
Copyright (C) 2014 Free Software Foundation, Inc.
License GPLv3+: GNU GPL version 3 or later <http://gnu.org/licenses/gpl.html>.
This is free software: you are free to change and redistribute it.
There is NO WARRANTY, to the extent permitted by law.

Written by John Gilmore and Jay Fenlason.
configure:3365: $? = 0
configure:3405: tardir=conftest.dir && eval tar --format=ustar -chf - "$tardir" >conftest.tar
configure:3408: $? = 0
configure:3412: tar -xf - <conftest.tar
configure:3415: $? = 0
configure:3417: cat conftest.dir/file
GrepMe
configure:3420: $? = 0
configure:3433: result: gnutar
configure:3495: checking whether make supports nested variables
configure:3512: result: yes
configure:3577: checking for gcc
configure:3593: found /usr/bin/gcc
configure:3604: result: gcc
configure:3833: checking for C compiler version
configure:3842: gcc --version >&5
gcc (Ubuntu 5.3.1-14ubuntu2) 5.3.1 20160413
Copyright (C) 2015 Free Software Foundation, Inc.
This is free software; see the source for copying conditions.  There is NO
warranty; not even for MERCHANTABILITY or FITNESS FOR A PARTICULAR PURPOSE.

configure:3853: $? = 0
configure:3842: gcc -v >&5
Using built-in specs.
COLLECT_GCC=gcc
COLLECT_LTO_WRAPPER=/usr/lib/gcc/i686-linux-gnu/5/lto-wrapper
Target: i686-linux-gnu
Configured with: ../src/configure -v --with-pkgversion='Ubuntu 5.3.1-14ubuntu2' --with-bugurl=file:///usr/share/doc/gcc-5/README.Bugs --enable-languages=c,ada,c++,java,go,d,fortran,objc,obj-c++ --prefix=/usr --program-suffix=-5 --enable-shared --enable-linker-build-id --libexecdir=/usr/lib --without-included-gettext --enable-threads=posix --libdir=/usr/lib --enable-nls --with-sysroot=/ --enable-clocale=gnu --enable-libstdcxx-debug --enable-libstdcxx-time=yes --with-default-libstdcxx-abi=new --enable-gnu-unique-object --disable-vtable-verify --enable-libmpx --enable-plugin --with-system-zlib --disable-browser-plugin --enable-java-awt=gtk --enable-gtk-cairo --with-java-home=/usr/lib/jvm/java-1.5.0-gcj-5-i386/jre --enable-java-home --with-jvm-root-dir=/usr/lib/jvm/java-1.5.0-gcj-5-i386 --with-jvm-jar-dir=/usr/lib/jvm-exports/java-1.5.0-gcj-5-i386 --with-arch-directory=i386 --with-ecj-jar=/usr/share/java/eclipse-ecj.jar --enable-objc-gc --enable-targets=all --enable-multiarch --disable-werror --with-arch-32=i686 --with-multilib-list=m32,m64,mx32 --enable-multilib --with-tune=generic --enable-checking=release --build=i686-linux-gnu --host=i686-linux-gnu --target=i686-linux-gnu
Thread model: posix
gcc version 5.3.1 20160413 (Ubuntu 5.3.1-14ubuntu2) 
configure:3853: $? = 0
configure:3842: gcc -V >&5
gcc: error: unrecognized command line option '-V'
gcc: fatal error: no input files
compilation terminated.
configure:3853: $? = 1
configure:3842: gcc -qversion >&5
gcc: error: unrecognized command line option '-qversion'
gcc: fatal error: no input files
compilation terminated.
configure:3853: $? = 1
configure:3873: checking whether the C compiler works
configure:3895: gcc    conftest.c  >&5
configure:3899: $? = 0
configure:3947: result: yes
configure:3950: checking for C compiler default output file name
configure:3952: result: a.out
configure:3958: checking for suffix of executables
configure:3965: gcc -o conftest    conftest.c  >&5
configure:3969: $? = 0
configure:3991: result: 
configure:4013: checking whether we are cross compiling
configure:4021: gcc -o conftest    conftest.c  >&5
configure:4025: $? = 0
configure:4032: ./conftest
configure:4036: $? = 0
configure:4051: result: no
configure:4056: checking for suffix of object files
configure:4078: gcc -c   conftest.c >&5
configure:4082: $? = 0
configure:4103: result: o
configure:4107: checking whether we are using the GNU C compiler
configure:4126: gcc -c   conftest.c >&5
configure:4126: $? = 0
configure:4135: result: yes
configure:4144: checking whether gcc accepts -g
configure:4164: gcc -c -g  conftest.c >&5
configure:4164: $? = 0
configure:4205: result: yes
configure:4222: checking for gcc option to accept ISO C89
configure:4285: gcc  -c -g -O2  conftest.c >&5
configure:4285: $? = 0
configure:4298: result: none needed
configure:4323: checking whether gcc understands -c and -o together
configure:4345: gcc -c conftest.c -o conftest2.o

## ---------------- ##
## Cache variables. ##
## ---------------- ##

ac_cv_build=i686-pc-linux-gnu
ac_cv_c_compiler_gnu=yes
ac_cv_env_CC_set=
ac_cv_env_CC_value=
ac_cv_env_CFLAGS_set=
ac_cv_env_CFLAGS_value=
ac_cv_env_CPPFLAGS_set=
ac_cv_env_CPPFLAGS_value=
ac_cv_env_CPP_set=
ac_cv_env_CPP_value=
ac_cv_env_FAM_CFLAGS_set=
ac_cv_env_FAM_CFLAGS_value=
ac_cv_env_FAM_LIBS_set=
ac_cv_env_FAM_LIBS_value=
ac_cv_env_LDFLAGS_set=
ac_cv_env_LDFLAGS_value=
ac_cv_env_LIBEV_CFLAGS_set=
ac_cv_env_LIBEV_CFLAGS_value=
ac_cv_env_LIBEV_LIBS_set=
ac_cv_env_LIBEV_LIBS_value=
ac_cv_env_LIBS_set=
ac_cv_env_LIBS_value=
ac_cv_env_LIBUNWIND_CFLAGS_set=
ac_cv_env_LIBUNWIND_CFLAGS_value=
ac_cv_env_LIBUNWIND_LIBS_set=
ac_cv_env_LIBUNWIND_LIBS_value=
ac_cv_env_LUA_CFLAGS_set=
ac_cv_env_LUA_CFLAGS_value=
ac_cv_env_LUA_LIBS_set=
ac_cv_env_LUA_LIBS_value=
ac_cv_env_PKG_CONFIG_LIBDIR_set=
ac_cv_env_PKG_CONFIG_LIBDIR_value=
ac_cv_env_PKG_CONFIG_PATH_set=
ac_cv_env_PKG_CONFIG_PATH_value=
ac_cv_env_PKG_CONFIG_set=
ac_cv_env_PKG_CONFIG_value=
ac_cv_env_SQLITE_CFLAGS_set=
ac_cv_env_SQLITE_CFLAGS_value=
ac_cv_env_SQLITE_LIBS_set=
ac_cv_env_SQLITE_LIBS_value=
ac_cv_env_XML_CFLAGS_set=
ac_cv_env_XML_CFLAGS_value=
ac_cv_env_XML_LIBS_set=
ac_cv_env_XML_LIBS_value=
ac_cv_env_build_alias_set=
ac_cv_env_build_alias_value=
ac_cv_env_host_alias_set=
ac_cv_env_host_alias_value=
ac_cv_env_target_alias_set=
ac_cv_env_target_alias_value=
ac_cv_host=i686-pc-linux-gnu
ac_cv_objext=o
ac_cv_path_install='/usr/bin/install -c'
ac_cv_path_mkdir=/bin/mkdir
ac_cv_prog_AWK=gawk
ac_cv_prog_ac_ct_CC=gcc
ac_cv_prog_cc_c89=
ac_cv_prog_cc_g=yes
ac_cv_prog_make_make_set=yes
ac_cv_target=i686-pc-linux-gnu
am_cv_make_support_nested_variables=yes
am_cv_prog_cc_c_o=yes
am_cv_prog_tar_ustar=gnutar

## ----------------- ##
## Output variables. ##
## ----------------- ##

ACLOCAL='${SHELL} /home/anton/program/c/makefile/opensource/lighttpd/lighttpd-1.4.39/missing aclocal-1.15'
AMDEPBACKSLASH=''
AMDEP_FALSE=''
AMDEP_TRUE=''
AMTAR='$${TAR-tar}'
AM_BACKSLASH='\'
AM_DEFAULT_V='$(AM_DEFAULT_VERBOSITY)'
AM_DEFAULT_VERBOSITY='1'
AM_V='$(V)'
AR=''
ATTR_LIB=''
AUTOCONF='${SHELL} /home/anton/program/c/makefile/opensource/lighttpd/lighttpd-1.4.39/missing autoconf'
AUTOHEADER='${SHELL} /home/anton/program/c/makefile/opensource/lighttpd/lighttpd-1.4.39/missing autoheader'
AUTOMAKE='${SHELL} /home/anton/program/c/makefile/opensource/lighttpd/lighttpd-1.4.39/missing automake-1.15'
AWK='gawk'
BZ_LIB=''
CC='gcc'
CCDEPMODE=''
CFLAGS='-g -O2'
CHECK_WITH_FASTCGI_FALSE=''
CHECK_WITH_FASTCGI_TRUE=''
CPP=''
CPPFLAGS=''
CROSS_COMPILING_FALSE=''
CROSS_COMPILING_TRUE=''
CRYPT_LIB=''
CYGPATH_W='echo'
DEFS=''
DEPDIR=''
DLLTOOL=''
DL_LIB=''
DSYMUTIL=''
DUMPBIN=''
ECHO_C=''
ECHO_N='-n'
ECHO_T=''
EGREP=''
EXEEXT=''
FAM_CFLAGS=''
FAM_LIBS=''
FGREP=''
GDBM_LIB=''
GREP=''
INSTALL_DATA='${INSTALL} -m 644'
INSTALL_PROGRAM='${INSTALL}'
INSTALL_SCRIPT='${INSTALL}'
INSTALL_STRIP_PROGRAM='$(install_sh) -c -s'
LBER_LIB=''
LD=''
LDAP_LIB=''
LDFLAGS=''
LIBEV_CFLAGS=''
LIBEV_LIBS=''
LIBOBJS=''
LIBS=''
LIBTOOL=''
LIBUNWIND_CFLAGS=''
LIBUNWIND_LIBS=''
LIPO=''
LN_S=''
LTLIBOBJS=''
LUA_CFLAGS=''
LUA_LIBS=''
MAKEINFO='${SHELL} /home/anton/program/c/makefile/opensource/lighttpd/lighttpd-1.4.39/missing makeinfo'
MANIFEST_TOOL=''
MEMCACHE_LIB=''
MKDIR_P='/bin/mkdir -p'
MYSQL_CONFIG=''
MYSQL_INCLUDE=''
MYSQL_LIBS=''
NM=''
NMEDIT=''
NO_RDYNAMIC_FALSE=''
NO_RDYNAMIC_TRUE=''
OBJDUMP=''
OBJEXT='o'
OTOOL64=''
OTOOL=''
PACKAGE='lighttpd'
PACKAGE_BUGREPORT='contact@lighttpd.net'
PACKAGE_NAME='lighttpd'
PACKAGE_STRING='lighttpd 1.4.39'
PACKAGE_TARNAME='lighttpd'
PACKAGE_URL=''
PACKAGE_VERSION='1.4.39'
PATH_SEPARATOR=':'
PCRECONFIG=''
PCRE_LIB=''
PKG_CONFIG=''
PKG_CONFIG_LIBDIR=''
PKG_CONFIG_PATH=''
RANLIB=''
SED=''
SENDFILE_LIB=''
SET_MAKE=''
SHELL='/bin/bash'
SQLITE_CFLAGS=''
SQLITE_LIBS=''
SSL_LIB=''
STRIP=''
UUID_LIBS=''
VERSION='1.4.39'
XML_CFLAGS=''
XML_LIBS=''
Z_LIB=''
ac_ct_AR=''
ac_ct_CC='gcc'
ac_ct_DUMPBIN=''
am__EXEEXT_FALSE=''
am__EXEEXT_TRUE=''
am__fastdepCC_FALSE=''
am__fastdepCC_TRUE=''
am__include=''
am__isrc=''
am__leading_dot='.'
am__nodep=''
am__quote=''
am__tar='tar --format=ustar -chf - "$$tardir"'
am__untar='tar -xf -'
bindir='${exec_prefix}/bin'
build='i686-pc-linux-gnu'
build_alias=''
build_cpu='i686'
build_os='linux-gnu'
build_vendor='pc'
datadir='${datarootdir}'
datarootdir='${prefix}/share'
docdir='${datarootdir}/doc/${PACKAGE_TARNAME}'
dvidir='${docdir}'
exec_prefix='NONE'
host='i686-pc-linux-gnu'
host_alias=''
host_cpu='i686'
host_os='linux-gnu'
host_vendor='pc'
htmldir='${docdir}'
includedir='${prefix}/include'
infodir='${datarootdir}/info'
install_sh='${SHELL} /home/anton/program/c/makefile/opensource/lighttpd/lighttpd-1.4.39/install-sh'
libdir='${exec_prefix}/lib'
libexecdir='${exec_prefix}/libexec'
localedir='${datarootdir}/locale'
localstatedir='${prefix}/var'
mandir='${datarootdir}/man'
mkdir_p='$(MKDIR_P)'
oldincludedir='/usr/include'
pdfdir='${docdir}'
prefix='NONE'
program_transform_name='s,x,x,'
psdir='${docdir}'
runstatedir='${localstatedir}/run'
sbindir='${exec_prefix}/sbin'
sharedstatedir='${prefix}/com'
sysconfdir='${prefix}/etc'
target='i686-pc-linux-gnu'
target_alias=''
target_cpu='i686'
target_os='linux-gnu'
target_vendor='pc'

## ----------- ##
## confdefs.h. ##
## ----------- ##

/* confdefs.h */
#define PACKAGE_NAME "lighttpd"
#define PACKAGE_TARNAME "lighttpd"
#define PACKAGE_VERSION "1.4.39"
#define PACKAGE_STRING "lighttpd 1.4.39"
#define PACKAGE_BUGREPORT "contact@lighttpd.net"
#define PACKAGE_URL ""
#define PACKAGE "lighttpd"
#define VERSION "1.4.39"

configure: caught signal 2
configure: exit 1
