This file contains any messages produced by compilers while
running configure, to aid debugging if configure makes a mistake.

It was created by sqlite configure 3.7.7.1, which was
generated by GNU Autoconf 2.69.  Invocation command line was

  $ ./configure --no-create --no-recursion

## --------- ##
## Platform. ##
## --------- ##

hostname = anton-N80Vm
uname -m = i686
uname -r = 4.4.0-21-generic
uname -s = Linux
uname -v = #37-Ubuntu SMP Mon Apr 18 18:34:49 UTC 2016

/usr/bin/uname -p = unknown
/bin/uname -X     = unknown

/bin/arch              = unknown
/usr/bin/arch -k       = unknown
/usr/convex/getsysinfo = unknown
/usr/bin/hostinfo      = unknown
/bin/machine           = unknown
/usr/bin/oslevel       = unknown
/bin/universe          = unknown

PATH: /home/anton/.go/bin
PATH: /home/anton/.autojump/bin
PATH: /home/anton/usr/bin
PATH: /home/anton/etc/clang/bin
PATH: /home/anton/tools/exec
PATH: /home/anton/tools/shell/git
PATH: /home/anton/tools/shell
PATH: /home/anton/.autojump/bin
PATH: /home/anton/.autojump/bin
PATH: /home/anton/bin
PATH: /usr/local/bin
PATH: /home/anton/bin
PATH: /usr/local/bin
PATH: /usr/local/sbin
PATH: /usr/local/bin
PATH: /usr/sbin
PATH: /usr/bin
PATH: /sbin
PATH: /bin
PATH: /usr/games
PATH: /usr/local/games
PATH: /home/anton/.go/bin/bin


## ----------- ##
## Core tests. ##
## ----------- ##

configure:2665: checking for a BSD-compatible install
configure:2733: result: /usr/bin/install -c
configure:2744: checking whether build environment is sane
configure:2781: result: yes
configure:2843: checking for gawk
configure:2859: found /usr/bin/gawk
configure:2870: result: gawk
configure:2881: checking whether make sets $(MAKE)
configure:2903: result: yes
configure:3094: checking for style of include used by make
configure:3122: result: GNU
configure:3195: checking for gcc
configure:3211: found /usr/bin/gcc
configure:3222: result: gcc
configure:3451: checking for C compiler version
configure:3460: gcc --version >&5
gcc (Ubuntu 5.3.1-14ubuntu2) 5.3.1 20160413
Copyright (C) 2015 Free Software Foundation, Inc.
This is free software; see the source for copying conditions.  There is NO
warranty; not even for MERCHANTABILITY or FITNESS FOR A PARTICULAR PURPOSE.

configure:3471: $? = 0
configure:3460: gcc -v >&5
Using built-in specs.
COLLECT_GCC=gcc
COLLECT_LTO_WRAPPER=/usr/lib/gcc/i686-linux-gnu/5/lto-wrapper
Target: i686-linux-gnu
Configured with: ../src/configure -v --with-pkgversion='Ubuntu 5.3.1-14ubuntu2' --with-bugurl=file:///usr/share/doc/gcc-5/README.Bugs --enable-languages=c,ada,c++,java,go,d,fortran,objc,obj-c++ --prefix=/usr --program-suffix=-5 --enable-shared --enable-linker-build-id --libexecdir=/usr/lib --without-included-gettext --enable-threads=posix --libdir=/usr/lib --enable-nls --with-sysroot=/ --enable-clocale=gnu --enable-libstdcxx-debug --enable-libstdcxx-time=yes --with-default-libstdcxx-abi=new --enable-gnu-unique-object --disable-vtable-verify --enable-libmpx --enable-plugin --with-system-zlib --disable-browser-plugin --enable-java-awt=gtk --enable-gtk-cairo --with-java-home=/usr/lib/jvm/java-1.5.0-gcj-5-i386/jre --enable-java-home --with-jvm-root-dir=/usr/lib/jvm/java-1.5.0-gcj-5-i386 --with-jvm-jar-dir=/usr/lib/jvm-exports/java-1.5.0-gcj-5-i386 --with-arch-directory=i386 --with-ecj-jar=/usr/share/java/eclipse-ecj.jar --enable-objc-gc --enable-targets=all --enable-multiarch --disable-werror --with-arch-32=i686 --with-multilib-list=m32,m64,mx32 --enable-multilib --with-tune=generic --enable-checking=release --build=i686-linux-gnu --host=i686-linux-gnu --target=i686-linux-gnu
Thread model: posix
gcc version 5.3.1 20160413 (Ubuntu 5.3.1-14ubuntu2) 
configure:3471: $? = 0
configure:3460: gcc -V >&5
gcc: error: unrecognized command line option '-V'
gcc: fatal error: no input files
compilation terminated.
configure:3471: $? = 1
configure:3460: gcc -qversion >&5
gcc: error: unrecognized command line option '-qversion'
gcc: fatal error: no input files
compilation terminated.
configure:3471: $? = 1
configure:3491: checking whether the C compiler works
configure:3513: gcc    conftest.c  >&5
configure:3517: $? = 0
configure:3565: result: yes
configure:3568: checking for C compiler default output file name
configure:3570: result: a.out
configure:3576: checking for suffix of executables
configure:3583: gcc -o conftest    conftest.c  >&5
configure:3587: $? = 0
configure:3609: result: 
configure:3631: checking whether we are cross compiling
configure:3639: gcc -o conftest    conftest.c  >&5
configure:3643: $? = 0
configure:3650: ./conftest
configure:3654: $? = 0
configure:3669: result: no
configure:3674: checking for suffix of object files
configure:3696: gcc -c   conftest.c >&5
configure:3700: $? = 0
configure:3721: result: o
configure:3725: checking whether we are using the GNU C compiler
configure:3744: gcc -c   conftest.c >&5
configure:3744: $? = 0
configure:3753: result: yes
configure:3762: checking whether gcc accepts -g
configure:3782: gcc -c -g  conftest.c >&5
configure:3782: $? = 0
configure:3823: result: yes
configure:3840: checking for gcc option to accept ISO C89
configure:3903: gcc  -c -g -O2  conftest.c >&5
configure:3903: $? = 0
configure:3916: result: none needed
configure:3938: checking dependency style of gcc
configure:4028: result: gcc3
configure:4053: checking for special C compiler options needed for large files
configure:4098: result: no
configure:4104: checking for _FILE_OFFSET_BITS value needed for large files
configure:4129: gcc -c -g -O2  conftest.c >&5
conftest.c:17:7: error: size of array 'off_t_is_large' is negative
   int off_t_is_large[(LARGE_OFF_T % 2147483629 == 721
       ^
configure:4129: $? = 1
configure: failed program was:
| /* confdefs.h */
| #define PACKAGE_NAME "sqlite"
| #define PACKAGE_TARNAME "sqlite"
| #define PACKAGE_VERSION "3.7.7.1"
| #define PACKAGE_STRING "sqlite 3.7.7.1"
| #define PACKAGE_BUGREPORT "http://www.sqlite.org"
| #define PACKAGE_URL ""
| #define PACKAGE "sqlite"
| #define VERSION "3.7.7.1"
| /* end confdefs.h.  */
| #include <sys/types.h>
|  /* Check that off_t can represent 2**63 - 1 correctly.
|     We can't simply define LARGE_OFF_T to be 9223372036854775807,
|     since some C++ compilers masquerading as C compilers
|     incorrectly reject 9223372036854775807.  */
| #define LARGE_OFF_T ((((off_t) 1 << 31) << 31) - 1 + (((off_t) 1 << 31) << 31))
|   int off_t_is_large[(LARGE_OFF_T % 2147483629 == 721
| 		       && LARGE_OFF_T % 2147483647 == 1)
| 		      ? 1 : -1];
| int
| main ()
| {
| 
|   ;
|   return 0;
| }
configure:4153: gcc -c -g -O2  conftest.c >&5
configure:4153: $? = 0
configure:4161: result: 64
configure:4296: checking for gcc
configure:4323: result: gcc
configure:4552: checking for C compiler version
configure:4561: gcc --version >&5
gcc (Ubuntu 5.3.1-14ubuntu2) 5.3.1 20160413
Copyright (C) 2015 Free Software Foundation, Inc.
This is free software; see the source for copying conditions.  There is NO
warranty; not even for MERCHANTABILITY or FITNESS FOR A PARTICULAR PURPOSE.

configure:4572: $? = 0
configure:4561: gcc -v >&5
Using built-in specs.
COLLECT_GCC=gcc
COLLECT_LTO_WRAPPER=/usr/lib/gcc/i686-linux-gnu/5/lto-wrapper
Target: i686-linux-gnu
Configured with: ../src/configure -v --with-pkgversion='Ubuntu 5.3.1-14ubuntu2' --with-bugurl=file:///usr/share/doc/gcc-5/README.Bugs --enable-languages=c,ada,c++,java,go,d,fortran,objc,obj-c++ --prefix=/usr --program-suffix=-5 --enable-shared --enable-linker-build-id --libexecdir=/usr/lib --without-included-gettext --enable-threads=posix --libdir=/usr/lib --enable-nls --with-sysroot=/ --enable-clocale=gnu --enable-libstdcxx-debug --enable-libstdcxx-time=yes --with-default-libstdcxx-abi=new --enable-gnu-unique-object --disable-vtable-verify --enable-libmpx --enable-plugin --with-system-zlib --disable-browser-plugin --enable-java-awt=gtk --enable-gtk-cairo --with-java-home=/usr/lib/jvm/java-1.5.0-gcj-5-i386/jre --enable-java-home --with-jvm-root-dir=/usr/lib/jvm/java-1.5.0-gcj-5-i386 --with-jvm-jar-dir=/usr/lib/jvm-exports/java-1.5.0-gcj-5-i386 --with-arch-directory=i386 --with-ecj-jar=/usr/share/java/eclipse-ecj.jar --enable-objc-gc --enable-targets=all --enable-multiarch --disable-werror --with-arch-32=i686 --with-multilib-list=m32,m64,mx32 --enable-multilib --with-tune=generic --enable-checking=release --build=i686-linux-gnu --host=i686-linux-gnu --target=i686-linux-gnu
Thread model: posix
gcc version 5.3.1 20160413 (Ubuntu 5.3.1-14ubuntu2) 
configure:4572: $? = 0
configure:4561: gcc -V >&5
gcc: error: unrecognized command line option '-V'
gcc: fatal error: no input files
compilation terminated.
configure:4572: $? = 1
configure:4561: gcc -qversion >&5
gcc: error: unrecognized command line option '-qversion'
gcc: fatal error: no input files
compilation terminated.
configure:4572: $? = 1
configure:4576: checking whether we are using the GNU C compiler
configure:4604: result: yes
configure:4613: checking whether gcc accepts -g
configure:4674: result: yes
configure:4691: checking for gcc option to accept ISO C89
configure:4767: result: none needed
configure:4789: checking dependency style of gcc
configure:4879: result: gcc3
configure:4939: checking for ranlib
configure:4955: found /usr/bin/ranlib
configure:4966: result: ranlib
configure:5064: checking build system type
configure:5078: result: i686-pc-linux-gnu
configure:5098: checking host system type
configure:5111: result: i686-pc-linux-gnu
configure:5131: checking for a sed that does not truncate output
configure:5185: result: /bin/sed
configure:5188: checking for grep that handles long lines and -e
configure:5246: result: /bin/grep
configure:5251: checking for egrep
configure:5313: result: /bin/grep -E
configure:5329: checking for ld used by gcc
configure:5396: result: /usr/bin/ld
configure:5403: checking if the linker (/usr/bin/ld) is GNU ld
configure:5418: result: yes
configure:5423: checking for /usr/bin/ld option to reload object files
configure:5430: result: -r
configure:5448: checking for BSD-compatible nm
configure:5497: result: /usr/bin/nm -B
configure:5501: checking whether ln -s works
configure:5505: result: yes
configure:5512: checking how to recognise dependent libraries
configure:5688: result: pass_all
configure:5896: checking how to run the C preprocessor
configure:5927: gcc -E  conftest.c
configure:5927: $? = 0
configure:5941: gcc -E  conftest.c
conftest.c:12:28: fatal error: ac_nonexistent.h: No such file or directory
compilation terminated.
configure:5941: $? = 1
configure: failed program was:
| /* confdefs.h */
| #define PACKAGE_NAME "sqlite"
| #define PACKAGE_TARNAME "sqlite"
| #define PACKAGE_VERSION "3.7.7.1"
| #define PACKAGE_STRING "sqlite 3.7.7.1"
| #define PACKAGE_BUGREPORT "http://www.sqlite.org"
| #define PACKAGE_URL ""
| #define PACKAGE "sqlite"
| #define VERSION "3.7.7.1"
| #define _FILE_OFFSET_BITS 64
| /* end confdefs.h.  */
| #include <ac_nonexistent.h>
configure:5966: result: gcc -E
configure:5986: gcc -E  conftest.c
configure:5986: $? = 0
configure:6000: gcc -E  conftest.c
conftest.c:12:28: fatal error: ac_nonexistent.h: No such file or directory
compilation terminated.
configure:6000: $? = 1
configure: failed program was:
| /* confdefs.h */
| #define PACKAGE_NAME "sqlite"
| #define PACKAGE_TARNAME "sqlite"
| #define PACKAGE_VERSION "3.7.7.1"
| #define PACKAGE_STRING "sqlite 3.7.7.1"
| #define PACKAGE_BUGREPORT "http://www.sqlite.org"
| #define PACKAGE_URL ""
| #define PACKAGE "sqlite"
| #define VERSION "3.7.7.1"
| #define _FILE_OFFSET_BITS 64
| /* end confdefs.h.  */
| #include <ac_nonexistent.h>
configure:6029: checking for ANSI C header files
configure:6049: gcc -c -g -O2  conftest.c >&5
configure:6049: $? = 0
configure:6122: gcc -o conftest -g -O2   conftest.c  >&5
configure:6122: $? = 0
configure:6122: ./conftest
configure:6122: $? = 0
configure:6133: result: yes
configure:6146: checking for sys/types.h
configure:6146: gcc -c -g -O2  conftest.c >&5
configure:6146: $? = 0
configure:6146: result: yes
configure:6146: checking for sys/stat.h
configure:6146: gcc -c -g -O2  conftest.c >&5
configure:6146: $? = 0
configure:6146: result: yes
configure:6146: checking for stdlib.h
configure:6146: gcc -c -g -O2  conftest.c >&5
configure:6146: $? = 0
configure:6146: result: yes
configure:6146: checking for string.h
configure:6146: gcc -c -g -O2  conftest.c >&5
configure:6146: $? = 0
configure:6146: result: yes
configure:6146: checking for memory.h
configure:6146: gcc -c -g -O2  conftest.c >&5
configure:6146: $? = 0
configure:6146: result: yes
configure:6146: checking for strings.h
configure:6146: gcc -c -g -O2  conftest.c >&5
configure:6146: $? = 0
configure:6146: result: yes
configure:6146: checking for inttypes.h
configure:6146: gcc -c -g -O2  conftest.c >&5
configure:6146: $? = 0
configure:6146: result: yes
configure:6146: checking for stdint.h
configure:6146: gcc -c -g -O2  conftest.c >&5
configure:6146: $? = 0
configure:6146: result: yes
configure:6146: checking for unistd.h
configure:6146: gcc -c -g -O2  conftest.c >&5
configure:6146: $? = 0
configure:6146: result: yes
configure:6160: checking dlfcn.h usability
configure:6160: gcc -c -g -O2  conftest.c >&5
configure:6160: $? = 0
configure:6160: result: yes
configure:6160: checking dlfcn.h presence
configure:6160: gcc -E  conftest.c
configure:6160: $? = 0
configure:6160: result: yes
configure:6160: checking for dlfcn.h
configure:6160: result: yes
configure:6228: checking for g++
configure:6244: found /usr/bin/g++
configure:6255: result: g++
configure:6282: checking for C++ compiler version
configure:6291: g++ --version >&5
g++ (Ubuntu 5.3.1-14ubuntu2) 5.3.1 20160413
Copyright (C) 2015 Free Software Foundation, Inc.
This is free software; see the source for copying conditions.  There is NO
warranty; not even for MERCHANTABILITY or FITNESS FOR A PARTICULAR PURPOSE.

configure:6302: $? = 0
configure:6291: g++ -v >&5
Using built-in specs.
COLLECT_GCC=g++
COLLECT_LTO_WRAPPER=/usr/lib/gcc/i686-linux-gnu/5/lto-wrapper
Target: i686-linux-gnu
Configured with: ../src/configure -v --with-pkgversion='Ubuntu 5.3.1-14ubuntu2' --with-bugurl=file:///usr/share/doc/gcc-5/README.Bugs --enable-languages=c,ada,c++,java,go,d,fortran,objc,obj-c++ --prefix=/usr --program-suffix=-5 --enable-shared --enable-linker-build-id --libexecdir=/usr/lib --without-included-gettext --enable-threads=posix --libdir=/usr/lib --enable-nls --with-sysroot=/ --enable-clocale=gnu --enable-libstdcxx-debug --enable-libstdcxx-time=yes --with-default-libstdcxx-abi=new --enable-gnu-unique-object --disable-vtable-verify --enable-libmpx --enable-plugin --with-system-zlib --disable-browser-plugin --enable-java-awt=gtk --enable-gtk-cairo --with-java-home=/usr/lib/jvm/java-1.5.0-gcj-5-i386/jre --enable-java-home --with-jvm-root-dir=/usr/lib/jvm/java-1.5.0-gcj-5-i386 --with-jvm-jar-dir=/usr/lib/jvm-exports/java-1.5.0-gcj-5-i386 --with-arch-directory=i386 --with-ecj-jar=/usr/share/java/eclipse-ecj.jar --enable-objc-gc --enable-targets=all --enable-multiarch --disable-werror --with-arch-32=i686 --with-multilib-list=m32,m64,mx32 --enable-multilib --with-tune=generic --enable-checking=release --build=i686-linux-gnu --host=i686-linux-gnu --target=i686-linux-gnu
Thread model: posix
gcc version 5.3.1 20160413 (Ubuntu 5.3.1-14ubuntu2) 
configure:6302: $? = 0
configure:6291: g++ -V >&5
g++: error: unrecognized command line option '-V'
g++: fatal error: no input files
compilation terminated.
configure:6302: $? = 1
configure:6291: g++ -qversion >&5
g++: error: unrecognized command line option '-qversion'
g++: fatal error: no input files
compilation terminated.
configure:6302: $? = 1
configure:6306: checking whether we are using the GNU C++ compiler
configure:6325: g++ -c   conftest.cpp >&5
configure:6325: $? = 0
configure:6334: result: yes
configure:6343: checking whether g++ accepts -g
configure:6363: g++ -c -g  conftest.cpp >&5
configure:6363: $? = 0
configure:6404: result: yes
configure:6429: checking dependency style of g++
configure:6519: result: gcc3
configure:6546: checking how to run the C++ preprocessor
configure:6573: g++ -E  conftest.cpp
configure:6573: $? = 0
configure:6587: g++ -E  conftest.cpp
conftest.cpp:23:28: fatal error: ac_nonexistent.h: No such file or directory
compilation terminated.
configure:6587: $? = 1
configure: failed program was:
| /* confdefs.h */
| #define PACKAGE_NAME "sqlite"
| #define PACKAGE_TARNAME "sqlite"
| #define PACKAGE_VERSION "3.7.7.1"
| #define PACKAGE_STRING "sqlite 3.7.7.1"
| #define PACKAGE_BUGREPORT "http://www.sqlite.org"
| #define PACKAGE_URL ""
| #define PACKAGE "sqlite"
| #define VERSION "3.7.7.1"
| #define _FILE_OFFSET_BITS 64
| #define STDC_HEADERS 1
| #define HAVE_SYS_TYPES_H 1
| #define HAVE_SYS_STAT_H 1
| #define HAVE_STDLIB_H 1
| #define HAVE_STRING_H 1
| #define HAVE_MEMORY_H 1
| #define HAVE_STRINGS_H 1
| #define HAVE_INTTYPES_H 1
| #define HAVE_STDINT_H 1
| #define HAVE_UNISTD_H 1
| #define HAVE_DLFCN_H 1
| /* end confdefs.h.  */
| #include <ac_nonexistent.h>
configure:6612: result: g++ -E
configure:6632: g++ -E  conftest.cpp
configure:6632: $? = 0
configure:6646: g++ -E  conftest.cpp
conftest.cpp:23:28: fatal error: ac_nonexistent.h: No such file or directory
compilation terminated.
configure:6646: $? = 1
configure: failed program was:
| /* confdefs.h */
| #define PACKAGE_NAME "sqlite"
| #define PACKAGE_TARNAME "sqlite"
| #define PACKAGE_VERSION "3.7.7.1"
| #define PACKAGE_STRING "sqlite 3.7.7.1"
| #define PACKAGE_BUGREPORT "http://www.sqlite.org"
| #define PACKAGE_URL ""
| #define PACKAGE "sqlite"
| #define VERSION "3.7.7.1"
| #define _FILE_OFFSET_BITS 64
| #define STDC_HEADERS 1
| #define HAVE_SYS_TYPES_H 1
| #define HAVE_SYS_STAT_H 1
| #define HAVE_STDLIB_H 1
| #define HAVE_STRING_H 1
| #define HAVE_MEMORY_H 1
| #define HAVE_STRINGS_H 1
| #define HAVE_INTTYPES_H 1
| #define HAVE_STDINT_H 1
| #define HAVE_UNISTD_H 1
| #define HAVE_DLFCN_H 1
| /* end confdefs.h.  */
| #include <ac_nonexistent.h>
configure:6730: checking for g77
configure:6760: result: no
configure:6730: checking for xlf
configure:6760: result: no
configure:6730: checking for f77
configure:6760: result: no
configure:6730: checking for frt
configure:6760: result: no
configure:6730: checking for pgf77
configure:6760: result: no
configure:6730: checking for cf77
configure:6760: result: no
configure:6730: checking for fort77
configure:6760: result: no
configure:6730: checking for fl32
configure:6760: result: no
configure:6730: checking for af77
configure:6760: result: no
configure:6730: checking for xlf90
configure:6760: result: no
configure:6730: checking for f90
configure:6760: result: no
configure:6730: checking for pgf90
configure:6760: result: no
configure:6730: checking for pghpf
configure:6760: result: no
configure:6730: checking for epcf90
configure:6760: result: no
configure:6730: checking for gfortran
configure:6760: result: no
configure:6730: checking for g95
configure:6760: result: no
configure:6730: checking for xlf95
configure:6760: result: no
configure:6730: checking for f95
configure:6760: result: no
configure:6730: checking for fort
configure:6760: result: no
configure:6730: checking for ifort
configure:6760: result: no
configure:6730: checking for ifc
configure:6760: result: no
configure:6730: checking for efc
configure:6760: result: no
configure:6730: checking for pgfortran
configure:6760: result: no
configure:6730: checking for pgf95
configure:6760: result: no
configure:6730: checking for lf95
configure:6760: result: no
configure:6730: checking for ftn
configure:6760: result: no
configure:6730: checking for nagfor
configure:6760: result: no
configure:6783: checking for Fortran 77 compiler version
configure:6792:  --version >&5
./configure: line 6794: --version: command not found
configure:6803: $? = 127
configure:6792:  -v >&5
./configure: line 6794: -v: command not found
configure:6803: $? = 127
configure:6792:  -V >&5
./configure: line 6794: -V: command not found
configure:6803: $? = 127
configure:6792:  -qversion >&5
./configure: line 6794: -qversion: command not found
configure:6803: $? = 127
configure:6812: checking whether we are using the GNU Fortran 77 compiler
configure:6825:  -c  conftest.F >&5
./configure: line 2151: -c: command not found
configure:6825: $? = 127
configure: failed program was:
|       program main
| #ifndef __GNUC__
|        choke me
| #endif
| 
|       end
configure:6834: result: no
configure:6840: checking whether  accepts -g
configure:6851:  -c -g conftest.f >&5
./configure: line 2151: -c: command not found
configure:6851: $? = 127
configure: failed program was:
|       program main
| 
|       end
configure:6859: result: no
configure:6893: checking the maximum length of command line arguments
configure:7002: result: 32768
configure:7013: checking command to parse /usr/bin/nm -B output from gcc object
configure:7118: gcc -c -g -O2  conftest.c >&5
configure:7121: $? = 0
configure:7125: /usr/bin/nm -B conftest.o \| sed -n -e 's/^.*[ 	]\([ABCDGIRSTW][ABCDGIRSTW]*\)[ 	][ 	]*\([_A-Za-z][_A-Za-z0-9]*\)$/\1 \2 \2/p' \> conftest.nm
configure:7128: $? = 0
configure:7180: gcc -o conftest -g -O2   conftest.c conftstm.o >&5
configure:7183: $? = 0
configure:7221: result: ok
configure:7225: checking for objdir
configure:7240: result: .libs
configure:7332: checking for ar
configure:7348: found /usr/bin/ar
configure:7359: result: ar
configure:7424: checking for ranlib
configure:7451: result: ranlib
configure:7516: checking for strip
configure:7532: found /usr/bin/strip
configure:7543: result: strip
configure:7825: checking if gcc supports -fno-rtti -fno-exceptions
configure:7843: gcc -c -g -O2  -fno-rtti -fno-exceptions conftest.c >&5
cc1: warning: command line option '-fno-rtti' is valid for C++/ObjC++ but not for C
configure:7847: $? = 0
configure:7860: result: no
configure:7875: checking for gcc option to produce PIC
configure:8085: result: -fPIC
configure:8093: checking if gcc PIC flag -fPIC works
configure:8111: gcc -c -g -O2  -fPIC -DPIC conftest.c >&5
configure:8115: $? = 0
configure:8128: result: yes
configure:8156: checking if gcc static flag -static works
configure:8184: result: yes
configure:8194: checking if gcc supports -c -o file.o
configure:8215: gcc -c -g -O2  -o out/conftest2.o conftest.c >&5
configure:8219: $? = 0
configure:8241: result: yes
configure:8267: checking whether the gcc linker (/usr/bin/ld) supports shared libraries
configure:9167: result: yes
configure:9188: checking whether -lc should be explicitly linked in
configure:9193: gcc -c -g -O2  conftest.c >&5
configure:9196: $? = 0
configure:9211: gcc -shared conftest.o  -v -Wl,-soname -Wl,conftest -o conftest 2\>\&1 \| grep  -lc  \>/dev/null 2\>\&1
configure:9214: $? = 0
configure:9226: result: no
configure:9234: checking dynamic linker characteristics
configure:9822: result: GNU/Linux ld.so
configure:9831: checking how to hardcode library paths into programs
configure:9856: result: immediate
configure:9870: checking whether stripping libraries is possible
configure:9875: result: yes
configure:10391: checking if libtool supports shared libraries
configure:10393: result: yes
configure:10396: checking whether to build shared libraries
configure:10417: result: yes
configure:10420: checking whether to build static libraries
configure:10424: result: yes
configure:10516: creating libtool
configure:11100: checking for ld used by g++
configure:11167: result: /usr/bin/ld
configure:11174: checking if the linker (/usr/bin/ld) is GNU ld
configure:11189: result: yes
configure:11240: checking whether the g++ linker (/usr/bin/ld) supports shared libraries
configure:12120: result: yes
configure:12138: g++ -c -g -O2  conftest.cpp >&5
configure:12141: $? = 0
configure:12260: checking for g++ option to produce PIC
configure:12534: result: -fPIC
configure:12542: checking if g++ PIC flag -fPIC works
configure:12560: g++ -c -g -O2  -fPIC -DPIC conftest.cpp >&5
configure:12564: $? = 0
configure:12577: result: yes
configure:12605: checking if g++ static flag -static works
configure:12633: result: yes
configure:12643: checking if g++ supports -c -o file.o
configure:12664: g++ -c -g -O2  -o out/conftest2.o conftest.cpp >&5
configure:12668: $? = 0
configure:12690: result: yes
configure:12716: checking whether the g++ linker (/usr/bin/ld) supports shared libraries
configure:12741: result: yes
configure:12808: checking dynamic linker characteristics
configure:13396: result: GNU/Linux ld.so
configure:13405: checking how to hardcode library paths into programs
configure:13430: result: immediate
configure:19466: checking for a thread-safe mkdir -p
configure:19505: result: /bin/mkdir -p
configure:19513: checking for fdatasync
configure:19513: gcc -o conftest -g -O2   conftest.c  >&5
configure:19513: $? = 0
configure:19513: result: yes
configure:19513: checking for usleep
configure:19513: gcc -o conftest -g -O2   conftest.c  >&5
configure:19513: $? = 0
configure:19513: result: yes
configure:19513: checking for fullfsync
configure:19513: gcc -o conftest -g -O2   conftest.c  >&5
/tmp/cc43aKIw.o: In function `main':
/home/anton/program/c/makefile/opensource/libsqlite3/libsqlite3/conftest.c:59: undefined reference to `fullfsync'
collect2: error: ld returned 1 exit status
configure:19513: $? = 1
configure: failed program was:
| /* confdefs.h */
| #define PACKAGE_NAME "sqlite"
| #define PACKAGE_TARNAME "sqlite"
| #define PACKAGE_VERSION "3.7.7.1"
| #define PACKAGE_STRING "sqlite 3.7.7.1"
| #define PACKAGE_BUGREPORT "http://www.sqlite.org"
| #define PACKAGE_URL ""
| #define PACKAGE "sqlite"
| #define VERSION "3.7.7.1"
| #define _FILE_OFFSET_BITS 64
| #define STDC_HEADERS 1
| #define HAVE_SYS_TYPES_H 1
| #define HAVE_SYS_STAT_H 1
| #define HAVE_STDLIB_H 1
| #define HAVE_STRING_H 1
| #define HAVE_MEMORY_H 1
| #define HAVE_STRINGS_H 1
| #define HAVE_INTTYPES_H 1
| #define HAVE_STDINT_H 1
| #define HAVE_UNISTD_H 1
| #define HAVE_DLFCN_H 1
| #define HAVE_FDATASYNC 1
| #define HAVE_USLEEP 1
| /* end confdefs.h.  */
| /* Define fullfsync to an innocuous variant, in case <limits.h> declares fullfsync.
|    For example, HP-UX 11i <limits.h> declares gettimeofday.  */
| #define fullfsync innocuous_fullfsync
| 
| /* System header to define __stub macros and hopefully few prototypes,
|     which can conflict with char fullfsync (); below.
|     Prefer <limits.h> to <assert.h> if __STDC__ is defined, since
|     <limits.h> exists even on freestanding compilers.  */
| 
| #ifdef __STDC__
| # include <limits.h>
| #else
| # include <assert.h>
| #endif
| 
| #undef fullfsync
| 
| /* Override any GCC internal prototype to avoid an error.
|    Use char because int might match the return type of a GCC
|    builtin and then its argument prototype would still apply.  */
| #ifdef __cplusplus
| extern "C"
| #endif
| char fullfsync ();
| /* The GNU C library defines this for functions which it implements
|     to always fail with ENOSYS.  Some functions are actually named
|     something starting with __ and the normal name is an alias.  */
| #if defined __stub_fullfsync || defined __stub___fullfsync
| choke me
| #endif
| 
| int
| main ()
| {
| return fullfsync ();
|   ;
|   return 0;
| }
configure:19513: result: no
configure:19513: checking for localtime_r
configure:19513: gcc -o conftest -g -O2   conftest.c  >&5
configure:19513: $? = 0
configure:19513: result: yes
configure:19513: checking for gmtime_r
configure:19513: gcc -o conftest -g -O2   conftest.c  >&5
configure:19513: $? = 0
configure:19513: result: yes
configure:19522: checking whether strerror_r is declared
configure:19522: gcc -c -g -O2  conftest.c >&5
configure:19522: $? = 0
configure:19522: result: yes
configure:19535: checking for strerror_r
configure:19535: gcc -o conftest -g -O2   conftest.c  >&5
configure:19535: $? = 0
configure:19535: result: yes
configure:19544: checking whether strerror_r returns char *
configure:19568: gcc -c -g -O2  conftest.c >&5
conftest.c: In function 'main':
conftest.c:67:13: error: invalid type argument of unary '*' (have 'int')
    char x = *strerror_r (0, buf, sizeof buf);
             ^
conftest.c:68:14: warning: initialization makes pointer from integer without a cast [-Wint-conversion]
    char *p = strerror_r (0, buf, sizeof buf);
              ^
configure:19568: $? = 1
configure: failed program was:
| /* confdefs.h */
| #define PACKAGE_NAME "sqlite"
| #define PACKAGE_TARNAME "sqlite"
| #define PACKAGE_VERSION "3.7.7.1"
| #define PACKAGE_STRING "sqlite 3.7.7.1"
| #define PACKAGE_BUGREPORT "http://www.sqlite.org"
| #define PACKAGE_URL ""
| #define PACKAGE "sqlite"
| #define VERSION "3.7.7.1"
| #define _FILE_OFFSET_BITS 64
| #define STDC_HEADERS 1
| #define HAVE_SYS_TYPES_H 1
| #define HAVE_SYS_STAT_H 1
| #define HAVE_STDLIB_H 1
| #define HAVE_STRING_H 1
| #define HAVE_MEMORY_H 1
| #define HAVE_STRINGS_H 1
| #define HAVE_INTTYPES_H 1
| #define HAVE_STDINT_H 1
| #define HAVE_UNISTD_H 1
| #define HAVE_DLFCN_H 1
| #define HAVE_FDATASYNC 1
| #define HAVE_USLEEP 1
| #define HAVE_LOCALTIME_R 1
| #define HAVE_GMTIME_R 1
| #define HAVE_DECL_STRERROR_R 1
| #define HAVE_STRERROR_R 1
| /* end confdefs.h.  */
| #include <stdio.h>
| #ifdef HAVE_SYS_TYPES_H
| # include <sys/types.h>
| #endif
| #ifdef HAVE_SYS_STAT_H
| # include <sys/stat.h>
| #endif
| #ifdef STDC_HEADERS
| # include <stdlib.h>
| # include <stddef.h>
| #else
| # ifdef HAVE_STDLIB_H
| #  include <stdlib.h>
| # endif
| #endif
| #ifdef HAVE_STRING_H
| # if !defined STDC_HEADERS && defined HAVE_MEMORY_H
| #  include <memory.h>
| # endif
| # include <string.h>
| #endif
| #ifdef HAVE_STRINGS_H
| # include <strings.h>
| #endif
| #ifdef HAVE_INTTYPES_H
| # include <inttypes.h>
| #endif
| #ifdef HAVE_STDINT_H
| # include <stdint.h>
| #endif
| #ifdef HAVE_UNISTD_H
| # include <unistd.h>
| #endif
| int
| main ()
| {
| 
| 	  char buf[100];
| 	  char x = *strerror_r (0, buf, sizeof buf);
| 	  char *p = strerror_r (0, buf, sizeof buf);
| 	  return !p || x;
| 
|   ;
|   return 0;
| }
configure:19606: result: no
configure:19632: checking for library containing tgetent
configure:19663: gcc -o conftest -g -O2   conftest.c  >&5
/tmp/ccBF45m1.o: In function `main':
/home/anton/program/c/makefile/opensource/libsqlite3/libsqlite3/conftest.c:40: undefined reference to `tgetent'
collect2: error: ld returned 1 exit status
configure:19663: $? = 1
configure: failed program was:
| /* confdefs.h */
| #define PACKAGE_NAME "sqlite"
| #define PACKAGE_TARNAME "sqlite"
| #define PACKAGE_VERSION "3.7.7.1"
| #define PACKAGE_STRING "sqlite 3.7.7.1"
| #define PACKAGE_BUGREPORT "http://www.sqlite.org"
| #define PACKAGE_URL ""
| #define PACKAGE "sqlite"
| #define VERSION "3.7.7.1"
| #define _FILE_OFFSET_BITS 64
| #define STDC_HEADERS 1
| #define HAVE_SYS_TYPES_H 1
| #define HAVE_SYS_STAT_H 1
| #define HAVE_STDLIB_H 1
| #define HAVE_STRING_H 1
| #define HAVE_MEMORY_H 1
| #define HAVE_STRINGS_H 1
| #define HAVE_INTTYPES_H 1
| #define HAVE_STDINT_H 1
| #define HAVE_UNISTD_H 1
| #define HAVE_DLFCN_H 1
| #define HAVE_FDATASYNC 1
| #define HAVE_USLEEP 1
| #define HAVE_LOCALTIME_R 1
| #define HAVE_GMTIME_R 1
| #define HAVE_DECL_STRERROR_R 1
| #define HAVE_STRERROR_R 1
| /* end confdefs.h.  */
| 
| /* Override any GCC internal prototype to avoid an error.
|    Use char because int might match the return type of a GCC
|    builtin and then its argument prototype would still apply.  */
| #ifdef __cplusplus
| extern "C"
| #endif
| char tgetent ();
| int
| main ()
| {
| return tgetent ();
|   ;
|   return 0;
| }
configure:19663: gcc -o conftest -g -O2   conftest.c -lcurses   >&5
configure:19663: $? = 0
configure:19680: result: -lcurses
configure:19688: checking for library containing readline
configure:19719: gcc -o conftest -g -O2   conftest.c -lcurses  >&5
/tmp/ccmTCzxd.o: In function `main':
/home/anton/program/c/makefile/opensource/libsqlite3/libsqlite3/conftest.c:40: undefined reference to `readline'
collect2: error: ld returned 1 exit status
configure:19719: $? = 1
configure: failed program was:
| /* confdefs.h */
| #define PACKAGE_NAME "sqlite"
| #define PACKAGE_TARNAME "sqlite"
| #define PACKAGE_VERSION "3.7.7.1"
| #define PACKAGE_STRING "sqlite 3.7.7.1"
| #define PACKAGE_BUGREPORT "http://www.sqlite.org"
| #define PACKAGE_URL ""
| #define PACKAGE "sqlite"
| #define VERSION "3.7.7.1"
| #define _FILE_OFFSET_BITS 64
| #define STDC_HEADERS 1
| #define HAVE_SYS_TYPES_H 1
| #define HAVE_SYS_STAT_H 1
| #define HAVE_STDLIB_H 1
| #define HAVE_STRING_H 1
| #define HAVE_MEMORY_H 1
| #define HAVE_STRINGS_H 1
| #define HAVE_INTTYPES_H 1
| #define HAVE_STDINT_H 1
| #define HAVE_UNISTD_H 1
| #define HAVE_DLFCN_H 1
| #define HAVE_FDATASYNC 1
| #define HAVE_USLEEP 1
| #define HAVE_LOCALTIME_R 1
| #define HAVE_GMTIME_R 1
| #define HAVE_DECL_STRERROR_R 1
| #define HAVE_STRERROR_R 1
| /* end confdefs.h.  */
| 
| /* Override any GCC internal prototype to avoid an error.
|    Use char because int might match the return type of a GCC
|    builtin and then its argument prototype would still apply.  */
| #ifdef __cplusplus
| extern "C"
| #endif
| char readline ();
| int
| main ()
| {
| return readline ();
|   ;
|   return 0;
| }
configure:19719: gcc -o conftest -g -O2   conftest.c -lreadline  -lcurses  >&5
configure:19719: $? = 0
configure:19736: result: -lreadline
configure:19748: checking for readline
configure:19748: gcc -o conftest -g -O2   conftest.c -lreadline -lcurses  >&5
configure:19748: $? = 0
configure:19748: result: yes
configure:19776: checking for library containing pthread_create
configure:19807: gcc -o conftest -g -O2   conftest.c  >&5
/tmp/cc210lmv.o: In function `main':
/home/anton/program/c/makefile/opensource/libsqlite3/libsqlite3/conftest.c:41: undefined reference to `pthread_create'
collect2: error: ld returned 1 exit status
configure:19807: $? = 1
configure: failed program was:
| /* confdefs.h */
| #define PACKAGE_NAME "sqlite"
| #define PACKAGE_TARNAME "sqlite"
| #define PACKAGE_VERSION "3.7.7.1"
| #define PACKAGE_STRING "sqlite 3.7.7.1"
| #define PACKAGE_BUGREPORT "http://www.sqlite.org"
| #define PACKAGE_URL ""
| #define PACKAGE "sqlite"
| #define VERSION "3.7.7.1"
| #define _FILE_OFFSET_BITS 64
| #define STDC_HEADERS 1
| #define HAVE_SYS_TYPES_H 1
| #define HAVE_SYS_STAT_H 1
| #define HAVE_STDLIB_H 1
| #define HAVE_STRING_H 1
| #define HAVE_MEMORY_H 1
| #define HAVE_STRINGS_H 1
| #define HAVE_INTTYPES_H 1
| #define HAVE_STDINT_H 1
| #define HAVE_UNISTD_H 1
| #define HAVE_DLFCN_H 1
| #define HAVE_FDATASYNC 1
| #define HAVE_USLEEP 1
| #define HAVE_LOCALTIME_R 1
| #define HAVE_GMTIME_R 1
| #define HAVE_DECL_STRERROR_R 1
| #define HAVE_STRERROR_R 1
| #define HAVE_READLINE 1
| /* end confdefs.h.  */
| 
| /* Override any GCC internal prototype to avoid an error.
|    Use char because int might match the return type of a GCC
|    builtin and then its argument prototype would still apply.  */
| #ifdef __cplusplus
| extern "C"
| #endif
| char pthread_create ();
| int
| main ()
| {
| return pthread_create ();
|   ;
|   return 0;
| }
configure:19807: gcc -o conftest -g -O2   conftest.c -lpthread   >&5
configure:19807: $? = 0
configure:19824: result: -lpthread
configure:19847: checking for library containing dlopen
configure:19878: gcc -o conftest -g -O2   conftest.c -lpthread  >&5
/tmp/cccsJErE.o: In function `main':
/home/anton/program/c/makefile/opensource/libsqlite3/libsqlite3/conftest.c:41: undefined reference to `dlopen'
collect2: error: ld returned 1 exit status
configure:19878: $? = 1
configure: failed program was:
| /* confdefs.h */
| #define PACKAGE_NAME "sqlite"
| #define PACKAGE_TARNAME "sqlite"
| #define PACKAGE_VERSION "3.7.7.1"
| #define PACKAGE_STRING "sqlite 3.7.7.1"
| #define PACKAGE_BUGREPORT "http://www.sqlite.org"
| #define PACKAGE_URL ""
| #define PACKAGE "sqlite"
| #define VERSION "3.7.7.1"
| #define _FILE_OFFSET_BITS 64
| #define STDC_HEADERS 1
| #define HAVE_SYS_TYPES_H 1
| #define HAVE_SYS_STAT_H 1
| #define HAVE_STDLIB_H 1
| #define HAVE_STRING_H 1
| #define HAVE_MEMORY_H 1
| #define HAVE_STRINGS_H 1
| #define HAVE_INTTYPES_H 1
| #define HAVE_STDINT_H 1
| #define HAVE_UNISTD_H 1
| #define HAVE_DLFCN_H 1
| #define HAVE_FDATASYNC 1
| #define HAVE_USLEEP 1
| #define HAVE_LOCALTIME_R 1
| #define HAVE_GMTIME_R 1
| #define HAVE_DECL_STRERROR_R 1
| #define HAVE_STRERROR_R 1
| #define HAVE_READLINE 1
| /* end confdefs.h.  */
| 
| /* Override any GCC internal prototype to avoid an error.
|    Use char because int might match the return type of a GCC
|    builtin and then its argument prototype would still apply.  */
| #ifdef __cplusplus
| extern "C"
| #endif
| char dlopen ();
| int
| main ()
| {
| return dlopen ();
|   ;
|   return 0;
| }
configure:19878: gcc -o conftest -g -O2   conftest.c -ldl  -lpthread  >&5
configure:19878: $? = 0
configure:19895: result: -ldl
configure:19906: checking for whether to support dynamic extensions
configure:19908: result: yes
configure:19915: checking for posix_fallocate
configure:19915: gcc -o conftest -g -O2   conftest.c -ldl -lpthread  >&5
configure:19915: $? = 0
configure:19915: result: yes
configure:20116: creating ./config.status

## ---------------- ##
## Cache variables. ##
## ---------------- ##

ac_cv_build=i686-pc-linux-gnu
ac_cv_c_compiler_gnu=yes
ac_cv_cxx_compiler_gnu=yes
ac_cv_env_CCC_set=
ac_cv_env_CCC_value=
ac_cv_env_CC_set=
ac_cv_env_CC_value=
ac_cv_env_CFLAGS_set=
ac_cv_env_CFLAGS_value=
ac_cv_env_CPPFLAGS_set=
ac_cv_env_CPPFLAGS_value=
ac_cv_env_CPP_set=
ac_cv_env_CPP_value=
ac_cv_env_CXXCPP_set=
ac_cv_env_CXXCPP_value=
ac_cv_env_CXXFLAGS_set=
ac_cv_env_CXXFLAGS_value=
ac_cv_env_CXX_set=
ac_cv_env_CXX_value=
ac_cv_env_F77_set=
ac_cv_env_F77_value=
ac_cv_env_FFLAGS_set=
ac_cv_env_FFLAGS_value=
ac_cv_env_LDFLAGS_set=
ac_cv_env_LDFLAGS_value=
ac_cv_env_LIBS_set=
ac_cv_env_LIBS_value=
ac_cv_env_build_alias_set=
ac_cv_env_build_alias_value=
ac_cv_env_host_alias_set=
ac_cv_env_host_alias_value=
ac_cv_env_target_alias_set=
ac_cv_env_target_alias_value=
ac_cv_f77_compiler_gnu=no
ac_cv_func_fdatasync=yes
ac_cv_func_fullfsync=no
ac_cv_func_gmtime_r=yes
ac_cv_func_localtime_r=yes
ac_cv_func_posix_fallocate=yes
ac_cv_func_readline=yes
ac_cv_func_strerror_r=yes
ac_cv_func_strerror_r_char_p=no
ac_cv_func_usleep=yes
ac_cv_have_decl_strerror_r=yes
ac_cv_header_dlfcn_h=yes
ac_cv_header_inttypes_h=yes
ac_cv_header_memory_h=yes
ac_cv_header_stdc=yes
ac_cv_header_stdint_h=yes
ac_cv_header_stdlib_h=yes
ac_cv_header_string_h=yes
ac_cv_header_strings_h=yes
ac_cv_header_sys_stat_h=yes
ac_cv_header_sys_types_h=yes
ac_cv_header_unistd_h=yes
ac_cv_host=i686-pc-linux-gnu
ac_cv_objext=o
ac_cv_path_EGREP='/bin/grep -E'
ac_cv_path_GREP=/bin/grep
ac_cv_path_install='/usr/bin/install -c'
ac_cv_path_mkdir=/bin/mkdir
ac_cv_prog_AWK=gawk
ac_cv_prog_CPP='gcc -E'
ac_cv_prog_CXXCPP='g++ -E'
ac_cv_prog_ac_ct_AR=ar
ac_cv_prog_ac_ct_CC=gcc
ac_cv_prog_ac_ct_CXX=g++
ac_cv_prog_ac_ct_RANLIB=ranlib
ac_cv_prog_ac_ct_STRIP=strip
ac_cv_prog_cc_c89=
ac_cv_prog_cc_g=yes
ac_cv_prog_cxx_g=yes
ac_cv_prog_f77_g=no
ac_cv_prog_make_make_set=yes
ac_cv_search_dlopen=-ldl
ac_cv_search_pthread_create=-lpthread
ac_cv_search_readline=-lreadline
ac_cv_search_tgetent=-lcurses
ac_cv_sys_file_offset_bits=64
ac_cv_sys_largefile_CC=no
am_cv_CC_dependencies_compiler_type=gcc3
am_cv_CXX_dependencies_compiler_type=gcc3
lt_cv_deplibs_check_method=pass_all
lt_cv_file_magic_cmd='$MAGIC_CMD'
lt_cv_file_magic_test_file=
lt_cv_ld_reload_flag=-r
lt_cv_objdir=.libs
lt_cv_path_LD=/usr/bin/ld
lt_cv_path_LDCXX=/usr/bin/ld
lt_cv_path_NM='/usr/bin/nm -B'
lt_cv_path_SED=/bin/sed
lt_cv_prog_compiler_c_o=yes
lt_cv_prog_compiler_c_o_CXX=yes
lt_cv_prog_compiler_rtti_exceptions=no
lt_cv_prog_gnu_ld=yes
lt_cv_prog_gnu_ldcxx=yes
lt_cv_sys_global_symbol_pipe='sed -n -e '\''s/^.*[ 	]\([ABCDGIRSTW][ABCDGIRSTW]*\)[ 	][ 	]*\([_A-Za-z][_A-Za-z0-9]*\)$/\1 \2 \2/p'\'''
lt_cv_sys_global_symbol_to_c_name_address='sed -n -e '\''s/^: \([^ ]*\) $/  {\"\1\", (lt_ptr) 0},/p'\'' -e '\''s/^[BCDEGRST] \([^ ]*\) \([^ ]*\)$/  {"\2", (lt_ptr) \&\2},/p'\'''
lt_cv_sys_global_symbol_to_cdecl='sed -n -e '\''s/^. .* \(.*\)$/extern int \1;/p'\'''
lt_cv_sys_max_cmd_len=32768
lt_lt_cv_prog_compiler_c_o='"yes"'
lt_lt_cv_prog_compiler_c_o_CXX='"yes"'
lt_lt_cv_sys_global_symbol_pipe='"sed -n -e '\''s/^.*[ 	]\\([ABCDGIRSTW][ABCDGIRSTW]*\\)[ 	][ 	]*\\([_A-Za-z][_A-Za-z0-9]*\\)\$/\\1 \\2 \\2/p'\''"'
lt_lt_cv_sys_global_symbol_to_c_name_address='"sed -n -e '\''s/^: \\([^ ]*\\) \$/  {\\\"\\1\\\", (lt_ptr) 0},/p'\'' -e '\''s/^[BCDEGRST] \\([^ ]*\\) \\([^ ]*\\)\$/  {\"\\2\", (lt_ptr) \\&\\2},/p'\''"'
lt_lt_cv_sys_global_symbol_to_cdecl='"sed -n -e '\''s/^. .* \\(.*\\)\$/extern int \\1;/p'\''"'

## ----------------- ##
## Output variables. ##
## ----------------- ##

ACLOCAL='${SHELL} /home/anton/program/c/makefile/opensource/libsqlite3/libsqlite3/missing --run aclocal-1.9'
AMDEPBACKSLASH='\'
AMDEP_FALSE='#'
AMDEP_TRUE=''
AMTAR='${SHELL} /home/anton/program/c/makefile/opensource/libsqlite3/libsqlite3/missing --run tar'
AR='ar'
AUTOCONF='${SHELL} /home/anton/program/c/makefile/opensource/libsqlite3/libsqlite3/missing --run autoconf'
AUTOHEADER='${SHELL} /home/anton/program/c/makefile/opensource/libsqlite3/libsqlite3/missing --run autoheader'
AUTOMAKE='${SHELL} /home/anton/program/c/makefile/opensource/libsqlite3/libsqlite3/missing --run automake-1.9'
AWK='gawk'
BUILD_CFLAGS=''
CC='gcc'
CCDEPMODE='depmode=gcc3'
CFLAGS='-g -O2'
CPP='gcc -E'
CPPFLAGS=''
CXX='g++'
CXXCPP='g++ -E'
CXXDEPMODE='depmode=gcc3'
CXXFLAGS='-g -O2'
CYGPATH_W='echo'
DEFS='-DPACKAGE_NAME=\"sqlite\" -DPACKAGE_TARNAME=\"sqlite\" -DPACKAGE_VERSION=\"3.7.7.1\" -DPACKAGE_STRING=\"sqlite\ 3.7.7.1\" -DPACKAGE_BUGREPORT=\"http://www.sqlite.org\" -DPACKAGE_URL=\"\" -DPACKAGE=\"sqlite\" -DVERSION=\"3.7.7.1\" -D_FILE_OFFSET_BITS=64 -DSTDC_HEADERS=1 -DHAVE_SYS_TYPES_H=1 -DHAVE_SYS_STAT_H=1 -DHAVE_STDLIB_H=1 -DHAVE_STRING_H=1 -DHAVE_MEMORY_H=1 -DHAVE_STRINGS_H=1 -DHAVE_INTTYPES_H=1 -DHAVE_STDINT_H=1 -DHAVE_UNISTD_H=1 -DHAVE_DLFCN_H=1 -DHAVE_FDATASYNC=1 -DHAVE_USLEEP=1 -DHAVE_LOCALTIME_R=1 -DHAVE_GMTIME_R=1 -DHAVE_DECL_STRERROR_R=1 -DHAVE_STRERROR_R=1 -DHAVE_READLINE=1 -DHAVE_POSIX_FALLOCATE=1'
DEPDIR='.deps'
DYNAMIC_EXTENSION_FLAGS=''
ECHO='echo'
ECHO_C=''
ECHO_N='-n'
ECHO_T=''
EGREP='/bin/grep -E'
EXEEXT=''
F77=''
FFLAGS=''
GREP='/bin/grep'
INSTALL_DATA='${INSTALL} -m 644'
INSTALL_PROGRAM='${INSTALL}'
INSTALL_SCRIPT='${INSTALL}'
INSTALL_STRIP_PROGRAM='${SHELL} $(install_sh) -c -s'
LDFLAGS=''
LIBOBJS=''
LIBS='-ldl -lpthread '
LIBTOOL='$(SHELL) $(top_builddir)/libtool'
LN_S='ln -s'
LTLIBOBJS=''
MAKEINFO='${SHELL} /home/anton/program/c/makefile/opensource/libsqlite3/libsqlite3/missing --run makeinfo'
MKDIR_P='/bin/mkdir -p'
OBJEXT='o'
PACKAGE='sqlite'
PACKAGE_BUGREPORT='http://www.sqlite.org'
PACKAGE_NAME='sqlite'
PACKAGE_STRING='sqlite 3.7.7.1'
PACKAGE_TARNAME='sqlite'
PACKAGE_URL=''
PACKAGE_VERSION='3.7.7.1'
PATH_SEPARATOR=':'
RANLIB='ranlib'
READLINE_LIBS='-lreadline -lcurses '
SET_MAKE=''
SHELL='/bin/bash'
STRIP='strip'
THREADSAFE_FLAGS='-D_REENTRANT=1 -DSQLITE_THREADSAFE=1'
VERSION='3.7.7.1'
ac_ct_CC='gcc'
ac_ct_CXX='g++'
ac_ct_F77=''
am__fastdepCC_FALSE='#'
am__fastdepCC_TRUE=''
am__fastdepCXX_FALSE='#'
am__fastdepCXX_TRUE=''
am__include='include'
am__leading_dot='.'
am__quote=''
am__tar='${AMTAR} chof - "$$tardir"'
am__untar='${AMTAR} xf -'
bindir='${exec_prefix}/bin'
build='i686-pc-linux-gnu'
build_alias=''
build_cpu='i686'
build_os='linux-gnu'
build_vendor='pc'
datadir='${datarootdir}'
datarootdir='${prefix}/share'
docdir='${datarootdir}/doc/${PACKAGE_TARNAME}'
dvidir='${docdir}'
exec_prefix='${prefix}'
host='i686-pc-linux-gnu'
host_alias=''
host_cpu='i686'
host_os='linux-gnu'
host_vendor='pc'
htmldir='${docdir}'
includedir='${prefix}/include'
infodir='${datarootdir}/info'
install_sh='/home/anton/program/c/makefile/opensource/libsqlite3/libsqlite3/install-sh'
libdir='${exec_prefix}/lib'
libexecdir='${exec_prefix}/libexec'
localedir='${datarootdir}/locale'
localstatedir='${prefix}/var'
mandir='${datarootdir}/man'
mkdir_p='mkdir -p --'
oldincludedir='/usr/include'
pdfdir='${docdir}'
prefix='/usr/local'
program_transform_name='s,x,x,'
psdir='${docdir}'
runstatedir='${localstatedir}/run'
sbindir='${exec_prefix}/sbin'
sharedstatedir='${prefix}/com'
sysconfdir='${prefix}/etc'
target_alias=''

## ----------- ##
## confdefs.h. ##
## ----------- ##

/* confdefs.h */
#define PACKAGE_NAME "sqlite"
#define PACKAGE_TARNAME "sqlite"
#define PACKAGE_VERSION "3.7.7.1"
#define PACKAGE_STRING "sqlite 3.7.7.1"
#define PACKAGE_BUGREPORT "http://www.sqlite.org"
#define PACKAGE_URL ""
#define PACKAGE "sqlite"
#define VERSION "3.7.7.1"
#define _FILE_OFFSET_BITS 64
#define STDC_HEADERS 1
#define HAVE_SYS_TYPES_H 1
#define HAVE_SYS_STAT_H 1
#define HAVE_STDLIB_H 1
#define HAVE_STRING_H 1
#define HAVE_MEMORY_H 1
#define HAVE_STRINGS_H 1
#define HAVE_INTTYPES_H 1
#define HAVE_STDINT_H 1
#define HAVE_UNISTD_H 1
#define HAVE_DLFCN_H 1
#define HAVE_FDATASYNC 1
#define HAVE_USLEEP 1
#define HAVE_LOCALTIME_R 1
#define HAVE_GMTIME_R 1
#define HAVE_DECL_STRERROR_R 1
#define HAVE_STRERROR_R 1
#define HAVE_READLINE 1
#define HAVE_POSIX_FALLOCATE 1

configure: exit 0

## ---------------------- ##
## Running config.status. ##
## ---------------------- ##

This file was extended by sqlite config.status 3.7.7.1, which was
generated by GNU Autoconf 2.69.  Invocation command line was

  CONFIG_FILES    = 
  CONFIG_HEADERS  = 
  CONFIG_LINKS    = 
  CONFIG_COMMANDS = 
  $ ./config.status 

on anton-N80Vm

config.status:799: creating Makefile
config.status:799: creating sqlite3.pc
config.status:971: executing depfiles commands
